This is pdfTeX, Version 3.14159265-2.6-1.40.20 (TeX Live 2019/Debian) (preloaded format=pdflatex 2021.10.26)  1 JAN 2022 23:55
entering extended mode
 restricted \write18 enabled.
 %&-line parsing enabled.
**bookdownproj.tex
(./bookdownproj.tex
LaTeX2e <2020-02-02> patch level 2
L3 programming layer <2020-02-14> (/usr/share/texlive/texmf-dist/tex/latex/base
/book.cls
Document Class: book 2019/12/20 v1.4l Standard LaTeX document class
(/usr/share/texlive/texmf-dist/tex/latex/base/bk10.clo
File: bk10.clo 2019/12/20 v1.4l Standard LaTeX file (size option)
)
\c@part=\count167
\c@chapter=\count168
\c@section=\count169
\c@subsection=\count170
\c@subsubsection=\count171
\c@paragraph=\count172
\c@subparagraph=\count173
\c@figure=\count174
\c@table=\count175
\abovecaptionskip=\skip47
\belowcaptionskip=\skip48
\bibindent=\dimen134
) (/usr/share/texlive/texmf-dist/tex/latex/amsmath/amsmath.sty
Package: amsmath 2020/01/20 v2.17e AMS math features
\@mathmargin=\skip49
For additional information on amsmath, use the `?' option.
(/usr/share/texlive/texmf-dist/tex/latex/amsmath/amstext.sty
Package: amstext 2000/06/29 v2.01 AMS text
(/usr/share/texlive/texmf-dist/tex/latex/amsmath/amsgen.sty
File: amsgen.sty 1999/11/30 v2.0 generic functions
\@emptytoks=\toks14
\ex@=\dimen135
)) (/usr/share/texlive/texmf-dist/tex/latex/amsmath/amsbsy.sty
Package: amsbsy 1999/11/29 v1.2d Bold Symbols
\pmbraise@=\dimen136
) (/usr/share/texlive/texmf-dist/tex/latex/amsmath/amsopn.sty
Package: amsopn 2016/03/08 v2.02 operator names
)
\inf@bad=\count176
LaTeX Info: Redefining \frac on input line 227.
\uproot@=\count177
\leftroot@=\count178
LaTeX Info: Redefining \overline on input line 389.
\classnum@=\count179
\DOTSCASE@=\count180
LaTeX Info: Redefining \ldots on input line 486.
LaTeX Info: Redefining \dots on input line 489.
LaTeX Info: Redefining \cdots on input line 610.
\Mathstrutbox@=\box45
\strutbox@=\box46
\big@size=\dimen137
LaTeX Font Info:    Redeclaring font encoding OML on input line 733.
LaTeX Font Info:    Redeclaring font encoding OMS on input line 734.
\macc@depth=\count181
\c@MaxMatrixCols=\count182
\dotsspace@=\muskip16
\c@parentequation=\count183
\dspbrk@lvl=\count184
\tag@help=\toks15
\row@=\count185
\column@=\count186
\maxfields@=\count187
\andhelp@=\toks16
\eqnshift@=\dimen138
\alignsep@=\dimen139
\tagshift@=\dimen140
\tagwidth@=\dimen141
\totwidth@=\dimen142
\lineht@=\dimen143
\@envbody=\toks17
\multlinegap=\skip50
\multlinetaggap=\skip51
\mathdisplay@stack=\toks18
LaTeX Info: Redefining \[ on input line 2859.
LaTeX Info: Redefining \] on input line 2860.
) (/usr/share/texlive/texmf-dist/tex/latex/amsfonts/amssymb.sty
Package: amssymb 2013/01/14 v3.01 AMS font symbols
(/usr/share/texlive/texmf-dist/tex/latex/amsfonts/amsfonts.sty
Package: amsfonts 2013/01/14 v3.01 Basic AMSFonts support
\symAMSa=\mathgroup4
\symAMSb=\mathgroup5
LaTeX Font Info:    Redeclaring math symbol \hbar on input line 98.
LaTeX Font Info:    Overwriting math alphabet `\mathfrak' in version `bold'
(Font)                  U/euf/m/n --> U/euf/b/n on input line 106.
)) (/usr/share/texmf/tex/latex/lm/lmodern.sty
Package: lmodern 2009/10/30 v1.6 Latin Modern Fonts
LaTeX Font Info:    Overwriting symbol font `operators' in version `normal'
(Font)                  OT1/cmr/m/n --> OT1/lmr/m/n on input line 22.
LaTeX Font Info:    Overwriting symbol font `letters' in version `normal'
(Font)                  OML/cmm/m/it --> OML/lmm/m/it on input line 23.
LaTeX Font Info:    Overwriting symbol font `symbols' in version `normal'
(Font)                  OMS/cmsy/m/n --> OMS/lmsy/m/n on input line 24.
LaTeX Font Info:    Overwriting symbol font `largesymbols' in version `normal'
(Font)                  OMX/cmex/m/n --> OMX/lmex/m/n on input line 25.
LaTeX Font Info:    Overwriting symbol font `operators' in version `bold'
(Font)                  OT1/cmr/bx/n --> OT1/lmr/bx/n on input line 26.
LaTeX Font Info:    Overwriting symbol font `letters' in version `bold'
(Font)                  OML/cmm/b/it --> OML/lmm/b/it on input line 27.
LaTeX Font Info:    Overwriting symbol font `symbols' in version `bold'
(Font)                  OMS/cmsy/b/n --> OMS/lmsy/b/n on input line 28.
LaTeX Font Info:    Overwriting symbol font `largesymbols' in version `bold'
(Font)                  OMX/cmex/m/n --> OMX/lmex/m/n on input line 29.
LaTeX Font Info:    Overwriting math alphabet `\mathbf' in version `normal'
(Font)                  OT1/cmr/bx/n --> OT1/lmr/bx/n on input line 31.
LaTeX Font Info:    Overwriting math alphabet `\mathsf' in version `normal'
(Font)                  OT1/cmss/m/n --> OT1/lmss/m/n on input line 32.
LaTeX Font Info:    Overwriting math alphabet `\mathit' in version `normal'
(Font)                  OT1/cmr/m/it --> OT1/lmr/m/it on input line 33.
LaTeX Font Info:    Overwriting math alphabet `\mathtt' in version `normal'
(Font)                  OT1/cmtt/m/n --> OT1/lmtt/m/n on input line 34.
LaTeX Font Info:    Overwriting math alphabet `\mathbf' in version `bold'
(Font)                  OT1/cmr/bx/n --> OT1/lmr/bx/n on input line 35.
LaTeX Font Info:    Overwriting math alphabet `\mathsf' in version `bold'
(Font)                  OT1/cmss/bx/n --> OT1/lmss/bx/n on input line 36.
LaTeX Font Info:    Overwriting math alphabet `\mathit' in version `bold'
(Font)                  OT1/cmr/bx/it --> OT1/lmr/bx/it on input line 37.
LaTeX Font Info:    Overwriting math alphabet `\mathtt' in version `bold'
(Font)                  OT1/cmtt/m/n --> OT1/lmtt/m/n on input line 38.
) (/usr/share/texlive/texmf-dist/tex/latex/setspace/setspace.sty
Package: setspace 2011/12/19 v6.7a set line spacing
) (/usr/share/texlive/texmf-dist/tex/generic/iftex/iftex.sty
Package: iftex 2019/11/07 v1.0c TeX engine tests
) (/usr/share/texlive/texmf-dist/tex/latex/base/fontenc.sty
Package: fontenc 2020/02/11 v2.0o Standard LaTeX package
LaTeX Font Info:    Trying to load font information for T1+lmr on input line 11
2.
(/usr/share/texmf/tex/latex/lm/t1lmr.fd
File: t1lmr.fd 2009/10/30 v1.6 Font defs for Latin Modern
)) (/usr/share/texlive/texmf-dist/tex/latex/base/inputenc.sty
Package: inputenc 2018/08/11 v1.3c Input encoding file
\inpenc@prehook=\toks19
\inpenc@posthook=\toks20
) (/usr/share/texlive/texmf-dist/tex/latex/base/textcomp.sty
Package: textcomp 2020/02/02 v2.0n Standard LaTeX package
) (/usr/share/texlive/texmf-dist/tex/latex/upquote/upquote.sty
Package: upquote 2012/04/19 v1.3 upright-quote and grave-accent glyphs in verba
tim
) (/usr/share/texlive/texmf-dist/tex/latex/microtype/microtype.sty
Package: microtype 2019/11/18 v2.7d Micro-typographical refinements (RS)
(/usr/share/texlive/texmf-dist/tex/latex/graphics/keyval.sty
Package: keyval 2014/10/28 v1.15 key=value parser (DPC)
\KV@toks@=\toks21
)
\MT@toks=\toks22
\MT@count=\count188
LaTeX Info: Redefining \textls on input line 790.
\MT@outer@kern=\dimen144
LaTeX Info: Redefining \textmicrotypecontext on input line 1354.
\MT@listname@count=\count189
(/usr/share/texlive/texmf-dist/tex/latex/microtype/microtype-pdftex.def
File: microtype-pdftex.def 2019/11/18 v2.7d Definitions specific to pdftex (RS)

LaTeX Info: Redefining \lsstyle on input line 914.
LaTeX Info: Redefining \lslig on input line 914.
\MT@outer@space=\skip52
)
Package microtype Info: Loading configuration file microtype.cfg.
(/usr/share/texlive/texmf-dist/tex/latex/microtype/microtype.cfg
File: microtype.cfg 2019/11/18 v2.7d microtype main configuration file (RS)
)) (/usr/share/texlive/texmf-dist/tex/latex/parskip/parskip.sty
Package: parskip 2020-01-22 v2.0d non-zero parskip adjustments
(/usr/share/texlive/texmf-dist/tex/latex/kvoptions/kvoptions.sty
Package: kvoptions 2019/11/29 v3.13 Key value format for package options (HO)
(/usr/share/texlive/texmf-dist/tex/generic/ltxcmds/ltxcmds.sty
Package: ltxcmds 2019/12/15 v1.24 LaTeX kernel commands for general use (HO)
) (/usr/share/texlive/texmf-dist/tex/generic/kvsetkeys/kvsetkeys.sty
Package: kvsetkeys 2019/12/15 v1.18 Key value parser (HO)
)) (/usr/share/texlive/texmf-dist/tex/latex/etoolbox/etoolbox.sty
Package: etoolbox 2019/09/21 v2.5h e-TeX tools for LaTeX (JAW)
\etb@tempcnta=\count190
)) (/usr/share/texlive/texmf-dist/tex/latex/xcolor/xcolor.sty
Package: xcolor 2016/05/11 v2.12 LaTeX color extensions (UK)
(/usr/share/texlive/texmf-dist/tex/latex/graphics-cfg/color.cfg
File: color.cfg 2016/01/02 v1.6 sample color configuration
)
Package xcolor Info: Driver file: pdftex.def on input line 225.
(/usr/share/texlive/texmf-dist/tex/latex/graphics-def/pdftex.def
File: pdftex.def 2018/01/08 v1.0l Graphics/color driver for pdftex
)
Package xcolor Info: Model `cmy' substituted by `cmy0' on input line 1348.
Package xcolor Info: Model `hsb' substituted by `rgb' on input line 1352.
Package xcolor Info: Model `RGB' extended on input line 1364.
Package xcolor Info: Model `HTML' substituted by `rgb' on input line 1366.
Package xcolor Info: Model `Hsb' substituted by `hsb' on input line 1367.
Package xcolor Info: Model `tHsb' substituted by `hsb' on input line 1368.
Package xcolor Info: Model `HSB' substituted by `hsb' on input line 1369.
Package xcolor Info: Model `Gray' substituted by `gray' on input line 1370.
Package xcolor Info: Model `wave' substituted by `hsb' on input line 1371.
(/usr/share/texlive/texmf-dist/tex/latex/graphics/dvipsnam.def
File: dvipsnam.def 2016/06/17 v3.0m Driver-dependent file (DPC,SPQR)
) (/usr/share/texlive/texmf-dist/tex/latex/xcolor/svgnam.def
File: svgnam.def 2016/05/11 v2.12 Predefined colors according to SVG 1.1 (UK)
) (/usr/share/texlive/texmf-dist/tex/latex/xcolor/x11nam.def
File: x11nam.def 2016/05/11 v2.12 Predefined colors according to Unix/X11 (UK)
)) (/usr/share/texlive/texmf-dist/tex/latex/xurl/xurl.sty
Package: xurl 2020/01/24 v 0.09 modify URL breaks
(/usr/share/texlive/texmf-dist/tex/latex/url/url.sty
\Urlmuskip=\muskip17
Package: url 2013/09/16  ver 3.4  Verb mode for urls, etc.
)) (/usr/share/texlive/texmf-dist/tex/latex/bookmark/bookmark.sty
Package: bookmark 2019/12/03 v1.28 PDF bookmarks (HO)
(/usr/share/texlive/texmf-dist/tex/latex/hyperref/hyperref.sty
Package: hyperref 2020/01/14 v7.00d Hypertext links for LaTeX
(/usr/share/texlive/texmf-dist/tex/latex/pdftexcmds/pdftexcmds.sty
Package: pdftexcmds 2019/11/24 v0.31 Utility functions of pdfTeX for LuaTeX (HO
)
(/usr/share/texlive/texmf-dist/tex/generic/infwarerr/infwarerr.sty
Package: infwarerr 2019/12/03 v1.5 Providing info/warning/error messages (HO)
)
Package pdftexcmds Info: \pdf@primitive is available.
Package pdftexcmds Info: \pdf@ifprimitive is available.
Package pdftexcmds Info: \pdfdraftmode found.
) (/usr/share/texlive/texmf-dist/tex/generic/kvdefinekeys/kvdefinekeys.sty
Package: kvdefinekeys 2019-12-19 v1.6 Define keys (HO)
) (/usr/share/texlive/texmf-dist/tex/generic/pdfescape/pdfescape.sty
Package: pdfescape 2019/12/09 v1.15 Implements pdfTeX's escape features (HO)
) (/usr/share/texlive/texmf-dist/tex/latex/hycolor/hycolor.sty
Package: hycolor 2020-01-27 v1.10 Color options for hyperref/bookmark (HO)
) (/usr/share/texlive/texmf-dist/tex/latex/letltxmacro/letltxmacro.sty
Package: letltxmacro 2019/12/03 v1.6 Let assignment for LaTeX macros (HO)
) (/usr/share/texlive/texmf-dist/tex/latex/auxhook/auxhook.sty
Package: auxhook 2019-12-17 v1.6 Hooks for auxiliary files (HO)
)
\@linkdim=\dimen145
\Hy@linkcounter=\count191
\Hy@pagecounter=\count192
(/usr/share/texlive/texmf-dist/tex/latex/hyperref/pd1enc.def
File: pd1enc.def 2020/01/14 v7.00d Hyperref: PDFDocEncoding definition (HO)
Now handling font encoding PD1 ...
... no UTF-8 mapping file for font encoding PD1
) (/usr/share/texlive/texmf-dist/tex/generic/intcalc/intcalc.sty
Package: intcalc 2019/12/15 v1.3 Expandable calculations with integers (HO)
) (/usr/share/texlive/texmf-dist/tex/generic/etexcmds/etexcmds.sty
Package: etexcmds 2019/12/15 v1.7 Avoid name clashes with e-TeX commands (HO)
)
\Hy@SavedSpaceFactor=\count193
\pdfmajorversion=\count194
Package hyperref Info: Option `unicode' set `true' on input line 4421.
(/usr/share/texlive/texmf-dist/tex/latex/hyperref/puenc.def
File: puenc.def 2020/01/14 v7.00d Hyperref: PDF Unicode definition (HO)
Now handling font encoding PU ...
... no UTF-8 mapping file for font encoding PU
)
Package hyperref Info: Hyper figures OFF on input line 4547.
Package hyperref Info: Link nesting OFF on input line 4552.
Package hyperref Info: Hyper index ON on input line 4555.
Package hyperref Info: Plain pages OFF on input line 4562.
Package hyperref Info: Backreferencing OFF on input line 4567.
Package hyperref Info: Implicit mode ON; LaTeX internals redefined.
Package hyperref Info: Bookmarks ON on input line 4800.
\c@Hy@tempcnt=\count195
LaTeX Info: Redefining \url on input line 5159.
\XeTeXLinkMargin=\dimen146
(/usr/share/texlive/texmf-dist/tex/generic/bitset/bitset.sty
Package: bitset 2019/12/09 v1.3 Handle bit-vector datatype (HO)
(/usr/share/texlive/texmf-dist/tex/generic/bigintcalc/bigintcalc.sty
Package: bigintcalc 2019/12/15 v1.5 Expandable calculations on big integers (HO
)
))
\Fld@menulength=\count196
\Field@Width=\dimen147
\Fld@charsize=\dimen148
Package hyperref Info: Hyper figures OFF on input line 6430.
Package hyperref Info: Link nesting OFF on input line 6435.
Package hyperref Info: Hyper index ON on input line 6438.
Package hyperref Info: backreferencing OFF on input line 6445.
Package hyperref Info: Link coloring OFF on input line 6450.
Package hyperref Info: Link coloring with OCG OFF on input line 6455.
Package hyperref Info: PDF/A mode OFF on input line 6460.
LaTeX Info: Redefining \ref on input line 6500.
LaTeX Info: Redefining \pageref on input line 6504.
(/usr/share/texlive/texmf-dist/tex/generic/atbegshi/atbegshi.sty
Package: atbegshi 2019/12/05 v1.19 At begin shipout hook (HO)
)
\Hy@abspage=\count197
\c@Item=\count198
\c@Hfootnote=\count199
)
Package hyperref Info: Driver (autodetected): hpdftex.
(/usr/share/texlive/texmf-dist/tex/latex/hyperref/hpdftex.def
File: hpdftex.def 2020/01/14 v7.00d Hyperref driver for pdfTeX
(/usr/share/texlive/texmf-dist/tex/latex/atveryend/atveryend.sty
Package: atveryend 2019-12-11 v1.11 Hooks at the very end of document (HO)
)
\Fld@listcount=\count266
\c@bookmark@seq@number=\count267
(/usr/share/texlive/texmf-dist/tex/latex/rerunfilecheck/rerunfilecheck.sty
Package: rerunfilecheck 2019/12/05 v1.9 Rerun checks for auxiliary files (HO)
(/usr/share/texlive/texmf-dist/tex/generic/uniquecounter/uniquecounter.sty
Package: uniquecounter 2019/12/15 v1.4 Provide unlimited unique counter (HO)
)
Package uniquecounter Info: New unique counter `rerunfilecheck' on input line 2
86.
)
\Hy@SectionHShift=\skip53
) (/usr/share/texlive/texmf-dist/tex/latex/bookmark/bkm-pdftex.def
File: bkm-pdftex.def 2019/12/03 v1.28 bookmark driver for pdfTeX (HO)
\BKM@id=\count268
))
Package hyperref Info: Option `colorlinks' set `true' on input line 52.
(/usr/share/texlive/texmf-dist/tex/latex/tools/longtable.sty
Package: longtable 2020/01/07 v4.13 Multi-page Table package (DPC)
\LTleft=\skip54
\LTright=\skip55
\LTpre=\skip56
\LTpost=\skip57
\LTchunksize=\count269
\LTcapwidth=\dimen149
\LT@head=\box47
\LT@firsthead=\box48
\LT@foot=\box49
\LT@lastfoot=\box50
\LT@cols=\count270
\LT@rows=\count271
\c@LT@tables=\count272
\c@LT@chunks=\count273
\LT@p@ftn=\toks23
) (/usr/share/texlive/texmf-dist/tex/latex/booktabs/booktabs.sty
Package: booktabs 2020/01/12 v1.61803398 Publication quality tables
\heavyrulewidth=\dimen150
\lightrulewidth=\dimen151
\cmidrulewidth=\dimen152
\belowrulesep=\dimen153
\belowbottomsep=\dimen154
\aboverulesep=\dimen155
\abovetopsep=\dimen156
\cmidrulesep=\dimen157
\cmidrulekern=\dimen158
\defaultaddspace=\dimen159
\@cmidla=\count274
\@cmidlb=\count275
\@aboverulesep=\dimen160
\@belowrulesep=\dimen161
\@thisruleclass=\count276
\@lastruleclass=\count277
\@thisrulewidth=\dimen162
) (/usr/share/texlive/texmf-dist/tex/latex/tools/array.sty
Package: array 2019/08/31 v2.4l Tabular extension package (FMi)
\col@sep=\dimen163
\ar@mcellbox=\box51
\extrarowheight=\dimen164
\NC@list=\toks24
\extratabsurround=\skip58
\backup@length=\skip59
\ar@cellbox=\box52
) (/usr/share/texlive/texmf-dist/tex/latex/tools/calc.sty
Package: calc 2017/05/25 v4.3 Infix arithmetic (KKT,FJ)
\calc@Acount=\count278
\calc@Bcount=\count279
\calc@Adimen=\dimen165
\calc@Bdimen=\dimen166
\calc@Askip=\skip60
\calc@Bskip=\skip61
LaTeX Info: Redefining \setlength on input line 80.
LaTeX Info: Redefining \addtolength on input line 81.
\calc@Ccount=\count280
\calc@Cskip=\skip62
) (/usr/share/texlive/texmf-dist/tex/latex/footnotehyper/footnotehyper.sty
Package: footnotehyper 2019/11/07 v1.1a hyperref aware footnote.sty (JFB)
\FNH@notes=\box53
\FNH@width=\dimen167
) (/usr/share/texlive/texmf-dist/tex/latex/graphics/graphicx.sty
Package: graphicx 2019/11/30 v1.2a Enhanced LaTeX Graphics (DPC,SPQR)
(/usr/share/texlive/texmf-dist/tex/latex/graphics/graphics.sty
Package: graphics 2019/11/30 v1.4a Standard LaTeX Graphics (DPC,SPQR)
(/usr/share/texlive/texmf-dist/tex/latex/graphics/trig.sty
Package: trig 2016/01/03 v1.10 sin cos tan (DPC)
) (/usr/share/texlive/texmf-dist/tex/latex/graphics-cfg/graphics.cfg
File: graphics.cfg 2016/06/04 v1.11 sample graphics configuration
)
Package graphics Info: Driver file: pdftex.def on input line 105.
)
\Gin@req@height=\dimen168
\Gin@req@width=\dimen169
)
LaTeX Info: Redefining \href on input line 78.
(/usr/share/texlive/texmf-dist/tex/latex/float/float.sty
Package: float 2001/11/08 v1.3d Float enhancements (AL)
\c@float@type=\count281
\float@exts=\toks25
\float@box=\box54
\@float@everytoks=\toks26
\@floatcapt=\box55
) (/usr/share/texlive/texmf-dist/tex/latex/caption/caption.sty
Package: caption 2020/01/03 v3.4h Customizing captions (AR)
(/usr/share/texlive/texmf-dist/tex/latex/caption/caption3.sty
Package: caption3 2020/01/03 v1.8h caption3 kernel (AR)
Package caption3 Info: TeX engine: e-TeX on input line 61.
\captionmargin=\dimen170
\captionmargin@=\dimen171
\captionwidth=\dimen172
\caption@tempdima=\dimen173
\caption@indent=\dimen174
\caption@parindent=\dimen175
\caption@hangindent=\dimen176
Package caption Info: Standard document class detected.
)
\c@caption@flags=\count282
\c@continuedfloat=\count283
Package caption Info: float package is loaded.
Package caption Info: hyperref package is loaded.
Package caption Info: longtable package is loaded.
(/usr/share/texlive/texmf-dist/tex/latex/caption/ltcaption.sty
Package: ltcaption 2018/08/26 v1.4a longtable captions (AR)
)) (/usr/share/texlive/texmf-dist/tex/latex/titlepic/titlepic.sty
Package: titlepic 2017/03/14 1.2 Package to display a picture on the title page

) (/usr/share/texlive/texmf-dist/tex/latex/l3backend/l3backend-pdfmode.def
File: l3backend-pdfmode.def 2020-02-03 L3 backend support: PDF mode
\l__kernel_color_stack_int=\count284
\l__pdf_internal_box=\box56
)
No file bookdownproj.aux.
\openout1 = `bookdownproj.aux'.

LaTeX Font Info:    Checking defaults for OML/cmm/m/it on input line 98.
LaTeX Font Info:    ... okay on input line 98.
LaTeX Font Info:    Checking defaults for OMS/cmsy/m/n on input line 98.
LaTeX Font Info:    ... okay on input line 98.
LaTeX Font Info:    Checking defaults for OT1/cmr/m/n on input line 98.
LaTeX Font Info:    ... okay on input line 98.
LaTeX Font Info:    Checking defaults for T1/cmr/m/n on input line 98.
LaTeX Font Info:    ... okay on input line 98.
LaTeX Font Info:    Checking defaults for TS1/cmr/m/n on input line 98.
LaTeX Font Info:    ... okay on input line 98.
LaTeX Font Info:    Checking defaults for OMX/cmex/m/n on input line 98.
LaTeX Font Info:    ... okay on input line 98.
LaTeX Font Info:    Checking defaults for U/cmr/m/n on input line 98.
LaTeX Font Info:    ... okay on input line 98.
LaTeX Font Info:    Checking defaults for PD1/pdf/m/n on input line 98.
LaTeX Font Info:    ... okay on input line 98.
LaTeX Font Info:    Checking defaults for PU/pdf/m/n on input line 98.
LaTeX Font Info:    ... okay on input line 98.
LaTeX Info: Redefining \microtypecontext on input line 98.
Package microtype Info: Generating PDF output.
Package microtype Info: Character protrusion enabled (level 2).
Package microtype Info: Using protrusion set `basicmath'.
Package microtype Info: Automatic font expansion enabled (level 2),
(microtype)             stretch: 20, shrink: 20, step: 1, non-selected.
Package microtype Info: Using default expansion set `basictext'.
LaTeX Info: Redefining \showhyphens on input line 98.
Package microtype Info: No adjustment of tracking.
Package microtype Info: No adjustment of interword spacing.
Package microtype Info: No adjustment of character kerning.
(/usr/share/texlive/texmf-dist/tex/latex/microtype/mt-cmr.cfg
File: mt-cmr.cfg 2013/05/19 v2.2 microtype config. file: Computer Modern Roman 
(RS)
) (/usr/share/texlive/texmf-dist/tex/context/base/mkii/supp-pdf.mkii
[Loading MPS to PDF converter (version 2006.09.02).]
\scratchcounter=\count285
\scratchdimen=\dimen177
\scratchbox=\box57
\nofMPsegments=\count286
\nofMParguments=\count287
\everyMPshowfont=\toks27
\MPscratchCnt=\count288
\MPscratchDim=\dimen178
\MPnumerator=\count289
\makeMPintoPDFobject=\count290
\everyMPtoPDFconversion=\toks28
) (/usr/share/texlive/texmf-dist/tex/latex/epstopdf-pkg/epstopdf-base.sty
Package: epstopdf-base 2020-01-24 v2.11 Base part for package epstopdf
Package epstopdf-base Info: Redefining graphics rule for `.eps' on input line 4
85.
(/usr/share/texlive/texmf-dist/tex/latex/latexconfig/epstopdf-sys.cfg
File: epstopdf-sys.cfg 2010/07/13 v1.3 Configuration of (r)epstopdf for TeX Liv
e
))
\AtBeginShipoutBox=\box58
Package hyperref Info: Link coloring ON on input line 98.
(/usr/share/texlive/texmf-dist/tex/latex/hyperref/nameref.sty
Package: nameref 2019/09/16 v2.46 Cross-referencing by name of section
(/usr/share/texlive/texmf-dist/tex/latex/refcount/refcount.sty
Package: refcount 2019/12/15 v3.6 Data extraction from label references (HO)
) (/usr/share/texlive/texmf-dist/tex/generic/gettitlestring/gettitlestring.sty
Package: gettitlestring 2019/12/15 v1.6 Cleanup title references (HO)
)
\c@section@level=\count291
)
LaTeX Info: Redefining \ref on input line 98.
LaTeX Info: Redefining \pageref on input line 98.
LaTeX Info: Redefining \nameref on input line 98.
Package caption Info: Begin \AtBeginDocument code.
Package caption Info: End \AtBeginDocument code.
LaTeX Font Info:    Trying to load font information for OT1+lmr on input line 9
9.
(/usr/share/texmf/tex/latex/lm/ot1lmr.fd
File: ot1lmr.fd 2009/10/30 v1.6 Font defs for Latin Modern
)
LaTeX Font Info:    Trying to load font information for OML+lmm on input line 9
9.
(/usr/share/texmf/tex/latex/lm/omllmm.fd
File: omllmm.fd 2009/10/30 v1.6 Font defs for Latin Modern
)
LaTeX Font Info:    Trying to load font information for OMS+lmsy on input line 
99.
(/usr/share/texmf/tex/latex/lm/omslmsy.fd
File: omslmsy.fd 2009/10/30 v1.6 Font defs for Latin Modern
)
LaTeX Font Info:    Trying to load font information for OMX+lmex on input line 
99.
(/usr/share/texmf/tex/latex/lm/omxlmex.fd
File: omxlmex.fd 2009/10/30 v1.6 Font defs for Latin Modern
)
LaTeX Font Info:    External font `lmex10' loaded for size
(Font)              <12> on input line 99.
LaTeX Font Info:    External font `lmex10' loaded for size
(Font)              <8> on input line 99.
LaTeX Font Info:    External font `lmex10' loaded for size
(Font)              <6> on input line 99.
LaTeX Font Info:    Trying to load font information for U+msa on input line 99.

(/usr/share/texlive/texmf-dist/tex/latex/amsfonts/umsa.fd
File: umsa.fd 2013/01/14 v3.01 AMS symbols A
) (/usr/share/texlive/texmf-dist/tex/latex/microtype/mt-msa.cfg
File: mt-msa.cfg 2006/02/04 v1.1 microtype config. file: AMS symbols (a) (RS)
)
LaTeX Font Info:    Trying to load font information for U+msb on input line 99.

(/usr/share/texlive/texmf-dist/tex/latex/amsfonts/umsb.fd
File: umsb.fd 2013/01/14 v3.01 AMS symbols B
) (/usr/share/texlive/texmf-dist/tex/latex/microtype/mt-msb.cfg
File: mt-msb.cfg 2005/06/01 v1.0 microtype config. file: AMS symbols (b) (RS)
)

pdfTeX warning: pdflatex (file ./introduction/cover2021.pdf): PDF inclusion: fo
und PDF version <1.7>, but at most version <1.5> allowed
<introduction/cover2021.pdf, id=4, 589.4522pt x 773.13844pt>
File: introduction/cover2021.pdf Graphic file (type pdf)
<use introduction/cover2021.pdf>
Package pdftex.def Info: introduction/cover2021.pdf  used on input line 99.
(pdftex.def)             Requested size: 345.00354pt x 452.51422pt.
[1


{/var/lib/texmf/fonts/map/pdftex/updmap/pdftex.map}]pdfTeX warning (ext4): dest
ination with the same identifier (name{page.}) has been already used, duplicate
 ignored
<to be read again> 
                   \relax 
l.99 \maketitle
                [2 <./introduction/cover2021.pdf>]
\tf@toc=\write3
\openout3 = `bookdownproj.toc'.

pdfTeX warning (ext4): destination with the same identifier (name{page.}) has b
een already used, duplicate ignored
<to be read again> 
                   \relax 
l.108 ...abel{preface-to-the-updated-2nd-edition}}
                                                   [1

]
Chapter 1.
pdfTeX warning (ext4): destination with the same identifier (name{page.}) has b
een already used, duplicate ignored
<to be read again> 
                   \relax 
l.113 
       [2

]
LaTeX Font Info:    External font `lmex10' loaded for size
(Font)              <10> on input line 118.
LaTeX Font Info:    External font `lmex10' loaded for size
(Font)              <7> on input line 118.
LaTeX Font Info:    External font `lmex10' loaded for size
(Font)              <5> on input line 118.
pdfTeX warning (ext4): destination with the same identifier (name{page.}) has b
een already used, duplicate ignored
<to be read again> 
                   \relax 
l.119 
       [3]pdfTeX warning (ext4): destination with the same identifier (name{pag
e.}) has been already used, duplicate ignored
<to be read again> 
                   \relax 
l.125 
       [4]pdfTeX warning (ext4): destination with the same identifier (name{pag
e.}) has been already used, duplicate ignored
<to be read again> 
                   \relax 
l.132 ...ition}\label{preface-to-the-1st-edition}}
                                                   [5]
Chapter 2.
pdfTeX warning (ext4): destination with the same identifier (name{page.}) has b
een already used, duplicate ignored
<to be read again> 
                   \relax 
l.141 
       [6

]
<pictures/sanskrit1.png, id=64, 96.36pt x 14.0525pt>
File: pictures/sanskrit1.png Graphic file (type png)
<use pictures/sanskrit1.png>
Package pdftex.def Info: pictures/sanskrit1.png  used on input line 142.
(pdftex.def)             Requested size: 96.35974pt x 14.05246pt.
pdfTeX warning (ext4): destination with the same identifier (name{page.}) has b
een already used, duplicate ignored
<to be read again> 
                   \relax 
l.154 
       [7 <./pictures/sanskrit1.png>]pdfTeX warning (ext4): destination with th
e same identifier (name{page.}) has been already used, duplicate ignored
<to be read again> 
                   \relax 
l.161 ...ow it began\ldots{}}\label{how-it-began}}
                                                   [8]
Chapter 3.
pdfTeX warning (ext4): destination with the same identifier (name{page.}) has b
een already used, duplicate ignored
<to be read again> 
                   \relax 
l.173 
       [9

]pdfTeX warning (ext4): destination with the same identifier (name{page.}) has 
been already used, duplicate ignored
<to be read again> 
                   \relax 
l.182 
       [10]pdfTeX warning (ext4): destination with the same identifier (name{pa
ge.}) has been already used, duplicate ignored
<to be read again> 
                   \relax 
l.188 
       [11]
<bookdownproj_files/figure-latex/unnamed-chunk-4-1.pdf, id=93, 1013.7875pt x 72
2.7pt>
File: bookdownproj_files/figure-latex/unnamed-chunk-4-1.pdf Graphic file (type 
pdf)
<use bookdownproj_files/figure-latex/unnamed-chunk-4-1.pdf>
Package pdftex.def Info: bookdownproj_files/figure-latex/unnamed-chunk-4-1.pdf 
 used on input line 193.
(pdftex.def)             Requested size: 344.99258pt x 245.93529pt.
pdfTeX warning (ext4): destination with the same identifier (name{page.}) has b
een already used, duplicate ignored
<to be read again> 
                   \relax 
l.196 \section{Looking back}\label{looking-back}}
                                                  [12]pdfTeX warning (ext4): de
stination with the same identifier (name{page.}) has been already used, duplica
te ignored
<to be read again> 
                   \relax 
l.201 
       [13 <./bookdownproj_files/figure-latex/unnamed-chunk-4-1.pdf>]pdfTeX war
ning (ext4): destination with the same identifier (name{page.}) has been alread
y used, duplicate ignored
<to be read again> 
                   \relax 
l.220 \chapter{Clean Eating}\label{clean-eating}}
                                                  [14]
Chapter 4.
pdfTeX warning (ext4): destination with the same identifier (name{page.}) has b
een already used, duplicate ignored
<to be read again> 
                   \relax 
l.227 
       [15

]pdfTeX warning (ext4): destination with the same identifier (name{page.}) has 
been already used, duplicate ignored
<to be read again> 
                   \relax 
l.236 
       [16]
<pictures/breakfast.JPG, id=134, 3083.52pt x 3083.52pt>
File: pictures/breakfast.JPG Graphic file (type jpg)
<use pictures/breakfast.JPG>
Package pdftex.def Info: pictures/breakfast.JPG  used on input line 241.
(pdftex.def)             Requested size: 344.97548pt x 344.97548pt.
pdfTeX warning (ext4): destination with the same identifier (name{page.}) has b
een already used, duplicate ignored
<to be read again> 
                   \relax 
l.246 
       [17 <./pictures/breakfast.JPG>]
<pictures/lunch-salads.JPG, id=140, 3083.52pt x 3083.52pt>
File: pictures/lunch-salads.JPG Graphic file (type jpg)
<use pictures/lunch-salads.JPG>
Package pdftex.def Info: pictures/lunch-salads.JPG  used on input line 256.
(pdftex.def)             Requested size: 344.97548pt x 344.97548pt.
pdfTeX warning (ext4): destination with the same identifier (name{page.}) has b
een already used, duplicate ignored
<to be read again> 
                   \relax 
l.267 I
        did not try this as much, but sometimes I did have a ``tea'' such as...
[18]pdfTeX warning (ext4): destination with the same identifier (name{page.}) h
as been already used, duplicate ignored
<to be read again> 
                   \relax 
l.267 I
        did not try this as much, but sometimes I did have a ``tea'' such as...
[19 <./pictures/lunch-salads.JPG>]
<pictures/4pm-snacks.JPG, id=153, 3083.52pt x 3083.52pt>
File: pictures/4pm-snacks.JPG Graphic file (type jpg)
<use pictures/4pm-snacks.JPG>
Package pdftex.def Info: pictures/4pm-snacks.JPG  used on input line 271.
(pdftex.def)             Requested size: 344.97548pt x 344.97548pt.
pdfTeX warning (ext4): destination with the same identifier (name{page.}) has b
een already used, duplicate ignored
<to be read again> 
                   \relax 
l.276 
       [20 <./pictures/4pm-snacks.JPG>]
<pictures/dinner1.JPG, id=158, 3083.52pt x 3083.52pt>
File: pictures/dinner1.JPG Graphic file (type jpg)
<use pictures/dinner1.JPG>
Package pdftex.def Info: pictures/dinner1.JPG  used on input line 288.
(pdftex.def)             Requested size: 344.97548pt x 344.97548pt.
<pictures/dinner2.JPG, id=159, 1059.96pt x 1059.96pt>
File: pictures/dinner2.JPG Graphic file (type jpg)
<use pictures/dinner2.JPG>
Package pdftex.def Info: pictures/dinner2.JPG  used on input line 294.
(pdftex.def)             Requested size: 345.00047pt x 345.00047pt.
pdfTeX warning (ext4): destination with the same identifier (name{page.}) has b
een already used, duplicate ignored
<to be read again> 
                   \relax 
l.299 
       [21]pdfTeX warning (ext4): destination with the same identifier (name{pa
ge.}) has been already used, duplicate ignored
<to be read again> 
                   \relax 
l.299 
       [22 <./pictures/dinner1.JPG>]pdfTeX warning (ext4): destination with the
 same identifier (name{page.}) has been already used, duplicate ignored
<to be read again> 
                   \relax 
l.299 
       [23 <./pictures/dinner2.JPG>]
<bookdownproj_files/figure-latex/unnamed-chunk-5-1.pdf, id=174, 1013.7875pt x 7
22.7pt>
File: bookdownproj_files/figure-latex/unnamed-chunk-5-1.pdf Graphic file (type 
pdf)
<use bookdownproj_files/figure-latex/unnamed-chunk-5-1.pdf>
Package pdftex.def Info: bookdownproj_files/figure-latex/unnamed-chunk-5-1.pdf 
 used on input line 307.
(pdftex.def)             Requested size: 344.99258pt x 245.93529pt.
pdfTeX warning (ext4): destination with the same identifier (name{page.}) has b
een already used, duplicate ignored
<to be read again> 
                   \relax 
l.312 
       [24 <./bookdownproj_files/figure-latex/unnamed-chunk-5-1.pdf>]
<bookdownproj_files/figure-latex/unnamed-chunk-6-1.pdf, id=191, 1013.7875pt x 7
22.7pt>
File: bookdownproj_files/figure-latex/unnamed-chunk-6-1.pdf Graphic file (type 
pdf)
<use bookdownproj_files/figure-latex/unnamed-chunk-6-1.pdf>
Package pdftex.def Info: bookdownproj_files/figure-latex/unnamed-chunk-6-1.pdf 
 used on input line 313.
(pdftex.def)             Requested size: 344.99258pt x 245.93529pt.
pdfTeX warning (ext4): destination with the same identifier (name{page.}) has b
een already used, duplicate ignored
<to be read again> 
                   \relax 
l.321 
       [25 <./bookdownproj_files/figure-latex/unnamed-chunk-6-1.pdf>]pdfTeX war
ning (ext4): destination with the same identifier (name{page.}) has been alread
y used, duplicate ignored
<to be read again> 
                   \relax 
l.330 
       [26]pdfTeX warning (ext4): destination with the same identifier (name{pa
ge.}) has been already used, duplicate ignored
<to be read again> 
                   \relax 
l.350   T
         he two times we did the 30-day clean eating challenge we saw an inc...
[27]pdfTeX warning (ext4): destination with the same identifier (name{page.}) h
as been already used, duplicate ignored
<to be read again> 
                   \relax 
l.354 ...abel{exercise-putting-in-the-hard-yards}}
                                                   [28]
Chapter 5.
pdfTeX warning (ext4): destination with the same identifier (name{page.}) has b
een already used, duplicate ignored
<to be read again> 
                   \relax 
l.362 
       [29

]pdfTeX warning (ext4): destination with the same identifier (name{page.}) has 
been already used, duplicate ignored
<to be read again> 
                   \relax 
l.371 
       [30]
<pictures/goblet_squat_w_kb.png, id=251, 661.47125pt x 653.44125pt>
File: pictures/goblet_squat_w_kb.png Graphic file (type png)
<use pictures/goblet_squat_w_kb.png>
Package pdftex.def Info: pictures/goblet_squat_w_kb.png  used on input line 376
.
(pdftex.def)             Requested size: 344.99654pt x 340.80841pt.
pdfTeX warning (ext4): destination with the same identifier (name{page.}) has b
een already used, duplicate ignored
<to be read again> 
                   \relax 
l.383 
       [31]pdfTeX warning (ext4): destination with the same identifier (name{pa
ge.}) has been already used, duplicate ignored
<to be read again> 
                   \relax 
l.383 
       [32 <./pictures/goblet_squat_w_kb.png>]
LaTeX Font Info:    Trying to load font information for TS1+lmr on input line 3
96.
(/usr/share/texmf/tex/latex/lm/ts1lmr.fd
File: ts1lmr.fd 2009/10/30 v1.6 Font defs for Latin Modern
)
<pictures/gym2.jpg, id=261, 4047.12pt x 2276.505pt>
File: pictures/gym2.jpg Graphic file (type jpg)
<use pictures/gym2.jpg>
Package pdftex.def Info: pictures/gym2.jpg  used on input line 411.
(pdftex.def)             Requested size: 344.95784pt x 194.03879pt.
<pictures/gym1.jpg, id=262, 4047.12pt x 2276.505pt>
File: pictures/gym1.jpg Graphic file (type jpg)
<use pictures/gym1.jpg>
Package pdftex.def Info: pictures/gym1.jpg  used on input line 417.
(pdftex.def)             Requested size: 344.95784pt x 194.03879pt.
pdfTeX warning (ext4): destination with the same identifier (name{page.}) has b
een already used, duplicate ignored
<to be read again> 
                   \relax 
l.422 
       [33]pdfTeX warning (ext4): destination with the same identifier (name{pa
ge.}) has been already used, duplicate ignored
<to be read again> 
                   \relax 
l.422 
       [34 <./pictures/gym2.jpg> <./pictures/gym1.jpg>]pdfTeX warning (ext4): d
estination with the same identifier (name{page.}) has been already used, duplic
ate ignored
<to be read again> 
                   \relax 
l.432 
       [35]
Underfull \vbox (badness 10000) detected at line 453
 []


Underfull \vbox (badness 10000) detected at line 474
 []


Underfull \vbox (badness 10000) detected at line 494
 []

pdfTeX warning (ext4): destination with the same identifier (name{page.}) has b
een already used, duplicate ignored
<to be read again> 
                   \relax 
l.494 \end{longtable}
                      [36]
Underfull \vbox (badness 10000) detected at line 516
 []

pdfTeX warning (ext4): destination with the same identifier (name{page.}) has b
een already used, duplicate ignored
<to be read again> 
                   \relax 
l.524 
       [37]
<bookdownproj_files/figure-latex/unnamed-chunk-12-1.pdf, id=293, 617.30624pt x 
711.65875pt>
File: bookdownproj_files/figure-latex/unnamed-chunk-12-1.pdf Graphic file (type
 pdf)
<use bookdownproj_files/figure-latex/unnamed-chunk-12-1.pdf>
Package pdftex.def Info: bookdownproj_files/figure-latex/unnamed-chunk-12-1.pdf
  used on input line 525.
(pdftex.def)             Requested size: 345.01094pt x 397.74434pt.
<bookdownproj_files/figure-latex/unnamed-chunk-13-1.pdf, id=294, 617.30624pt x 
711.65875pt>
File: bookdownproj_files/figure-latex/unnamed-chunk-13-1.pdf Graphic file (type
 pdf)
<use bookdownproj_files/figure-latex/unnamed-chunk-13-1.pdf>
Package pdftex.def Info: bookdownproj_files/figure-latex/unnamed-chunk-13-1.pdf
  used on input line 527.
(pdftex.def)             Requested size: 345.01094pt x 397.74434pt.
pdfTeX warning (ext4): destination with the same identifier (name{page.}) has b
een already used, duplicate ignored
<to be read again> 
                   \relax 
l.529 Y
       ou can notice in the charts the number of days marked as {[}E{]} (for...
[38 <./bookdownproj_files/figure-latex/unnamed-chunk-12-1.pdf>]pdfTeX warning (
ext4): destination with the same identifier (name{page.}) has been already used
, duplicate ignored
<to be read again> 
                   \relax 
l.530 
       [39 <./bookdownproj_files/figure-latex/unnamed-chunk-13-1.pdf>]
Underfull \hbox (badness 1264) in paragraph at lines 532--532
[]\T1/lmr/bx/n/14.4 That which does not kill us makes us
 []

pdfTeX warning (ext4): destination with the same identifier (name{page.}) has b
een already used, duplicate ignored
<to be read again> 
                   \relax 
l.541 
       [40]
<bookdownproj_files/figure-latex/unnamed-chunk-14-1.pdf, id=325, 1013.7875pt x 
722.7pt>
File: bookdownproj_files/figure-latex/unnamed-chunk-14-1.pdf Graphic file (type
 pdf)
<use bookdownproj_files/figure-latex/unnamed-chunk-14-1.pdf>
Package pdftex.def Info: bookdownproj_files/figure-latex/unnamed-chunk-14-1.pdf
  used on input line 546.
(pdftex.def)             Requested size: 344.99258pt x 245.93529pt.
<bookdownproj_files/figure-latex/unnamed-chunk-15-1.pdf, id=326, 1013.7875pt x 
722.7pt>
File: bookdownproj_files/figure-latex/unnamed-chunk-15-1.pdf Graphic file (type
 pdf)
<use bookdownproj_files/figure-latex/unnamed-chunk-15-1.pdf>
Package pdftex.def Info: bookdownproj_files/figure-latex/unnamed-chunk-15-1.pdf
  used on input line 548.
(pdftex.def)             Requested size: 344.99258pt x 245.93529pt.
pdfTeX warning (ext4): destination with the same identifier (name{page.}) has b
een already used, duplicate ignored
<to be read again> 
                   \relax 
l.550 T
       he key observations from the above charts are: [41 <./bookdownproj_files
/figure-latex/unnamed-chunk-14-1.pdf>]pdfTeX warning (ext4): destination with t
he same identifier (name{page.}) has been already used, duplicate ignored
<to be read again> 
                   \relax 
l.562 
       [42 <./bookdownproj_files/figure-latex/unnamed-chunk-15-1.pdf>]
<pictures/385lb.png, id=355, 559.33969pt x 638.385pt>
File: pictures/385lb.png Graphic file (type png)
<use pictures/385lb.png>
Package pdftex.def Info: pictures/385lb.png  used on input line 565.
(pdftex.def)             Requested size: 345.01178pt x 393.76848pt.
pdfTeX warning (ext4): destination with the same identifier (name{page.}) has b
een already used, duplicate ignored
<to be read again> 
                   \relax 
l.575 
       [43 <./pictures/385lb.png>]pdfTeX warning (ext4): destination with the s
ame identifier (name{page.}) has been already used, duplicate ignored
<to be read again> 
                   \relax 
l.579 
       [44]pdfTeX warning (ext4): destination with the same identifier (name{pa
ge.}) has been already used, duplicate ignored
<to be read again> 
                   \relax 
l.586 I
        am reminded of a story that I read when I was a kid, there was a sma...
[45]pdfTeX warning (ext4): destination with the same identifier (name{page.}) h
as been already used, duplicate ignored
<to be read again> 
                   \relax 
l.603   \textbf
               {Not drinking enough water}: Just bad for so many reasons. Th...
[46]pdfTeX warning (ext4): destination with the same identifier (name{page.}) h
as been already used, duplicate ignored
<to be read again> 
                   \relax 
l.615 \includegraphics
                      {pictures/routine.drawio.png} [47]
<pictures/routine.drawio.png, id=379, 1252.68pt x 372.39125pt>
File: pictures/routine.drawio.png Graphic file (type png)
<use pictures/routine.drawio.png>
Package pdftex.def Info: pictures/routine.drawio.png  used on input line 615.
(pdftex.def)             Requested size: 344.9946pt x 102.55849pt.

Underfull \hbox (badness 10000) in paragraph at lines 615--617
[][]
 []

pdfTeX warning (ext4): destination with the same identifier (name{page.}) has b
een already used, duplicate ignored
<to be read again> 
                   \relax 
l.639 \end{longtable}
                      [48 <./pictures/routine.drawio.png>]pdfTeX warning (ext4)
: destination with the same identifier (name{page.}) has been already used, dup
licate ignored
<to be read again> 
                   \relax 
l.655   F
         inally, a workout in the morning gives you a win, right at the star...
[49]pdfTeX warning (ext4): destination with the same identifier (name{page.}) h
as been already used, duplicate ignored
<to be read again> 
                   \relax 
l.668 
       [50]pdfTeX warning (ext4): destination with the same identifier (name{pa
ge.}) has been already used, duplicate ignored
<to be read again> 
                   \relax 
l.681 ...r}\rule{0.5\linewidth}{0.5pt}\end{center}
                                                   [51]pdfTeX warning (ext4): d
estination with the same identifier (name{page.}) has been already used, duplic
ate ignored
<to be read again> 
                   \relax 
l.696 ...complish?}\label{what-did-we-accomplish}}
                                                   [52]
Chapter 6.

Underfull \hbox (badness 10000) in paragraph at lines 719--721

 []


Underfull \hbox (badness 10000) in paragraph at lines 723--724

 []

pdfTeX warning (ext4): destination with the same identifier (name{page.}) has b
een already used, duplicate ignored
<to be read again> 
                   \relax 
l.727 
       [53

]
<bookdownproj_files/figure-latex/unnamed-chunk-17-1.pdf, id=422, 960.58875pt x 
429.605pt>
File: bookdownproj_files/figure-latex/unnamed-chunk-17-1.pdf Graphic file (type
 pdf)
<use bookdownproj_files/figure-latex/unnamed-chunk-17-1.pdf>
Package pdftex.def Info: bookdownproj_files/figure-latex/unnamed-chunk-17-1.pdf
  used on input line 735.
(pdftex.def)             Requested size: 345.00552pt x 154.29713pt.
pdfTeX warning (ext4): destination with the same identifier (name{page.}) has b
een already used, duplicate ignored
<to be read again> 
                   \relax 
l.742 A
       ll measurements in the charts below were done automatically as part o...
[54 <./bookdownproj_files/figure-latex/unnamed-chunk-17-1.pdf>]
<bookdownproj_files/figure-latex/unnamed-chunk-18-1.pdf, id=439, 1013.7875pt x 
722.7pt>
File: bookdownproj_files/figure-latex/unnamed-chunk-18-1.pdf Graphic file (type
 pdf)
<use bookdownproj_files/figure-latex/unnamed-chunk-18-1.pdf>
Package pdftex.def Info: bookdownproj_files/figure-latex/unnamed-chunk-18-1.pdf
  used on input line 744.
(pdftex.def)             Requested size: 344.99258pt x 245.93529pt.
<bookdownproj_files/figure-latex/unnamed-chunk-19-1.pdf, id=440, 1013.7875pt x 
722.7pt>
File: bookdownproj_files/figure-latex/unnamed-chunk-19-1.pdf Graphic file (type
 pdf)
<use bookdownproj_files/figure-latex/unnamed-chunk-19-1.pdf>
Package pdftex.def Info: bookdownproj_files/figure-latex/unnamed-chunk-19-1.pdf
  used on input line 753.
(pdftex.def)             Requested size: 344.99258pt x 245.93529pt.
pdfTeX warning (ext4): destination with the same identifier (name{page.}) has b
een already used, duplicate ignored
<to be read again> 
                   \relax 
l.756 ... plateaus}\label{of-slides-and-plateaus}}
                                                   [55 <./bookdownproj_files/fi
gure-latex/unnamed-chunk-18-1.pdf>]
<bookdownproj_files/figure-latex/unnamed-chunk-20-1.pdf, id=456, 1013.7875pt x 
722.7pt>
File: bookdownproj_files/figure-latex/unnamed-chunk-20-1.pdf Graphic file (type
 pdf)
<use bookdownproj_files/figure-latex/unnamed-chunk-20-1.pdf>
Package pdftex.def Info: bookdownproj_files/figure-latex/unnamed-chunk-20-1.pdf
  used on input line 764.
(pdftex.def)             Requested size: 344.99258pt x 245.93529pt.
pdfTeX warning (ext4): destination with the same identifier (name{page.}) has b
een already used, duplicate ignored
<to be read again> 
                   \relax 
l.767 ...promise}\label{a-forecast-and-a-promise}}
                                                   [56 <./bookdownproj_files/fi
gure-latex/unnamed-chunk-19-1.pdf>]pdfTeX warning (ext4): destination with the 
same identifier (name{page.}) has been already used, duplicate ignored
<to be read again> 
                   \relax 
l.774 
       [57 <./bookdownproj_files/figure-latex/unnamed-chunk-20-1.pdf>]
<bookdownproj_files/figure-latex/unnamed-chunk-21-1.pdf, id=497, 1013.7875pt x 
722.7pt>
File: bookdownproj_files/figure-latex/unnamed-chunk-21-1.pdf Graphic file (type
 pdf)
<use bookdownproj_files/figure-latex/unnamed-chunk-21-1.pdf>
Package pdftex.def Info: bookdownproj_files/figure-latex/unnamed-chunk-21-1.pdf
  used on input line 777.
(pdftex.def)             Requested size: 344.99258pt x 245.93529pt.
<bookdownproj_files/figure-latex/unnamed-chunk-22-1.pdf, id=498, 1013.7875pt x 
722.7pt>
File: bookdownproj_files/figure-latex/unnamed-chunk-22-1.pdf Graphic file (type
 pdf)
<use bookdownproj_files/figure-latex/unnamed-chunk-22-1.pdf>
Package pdftex.def Info: bookdownproj_files/figure-latex/unnamed-chunk-22-1.pdf
  used on input line 779.
(pdftex.def)             Requested size: 344.99258pt x 245.93529pt.
pdfTeX warning (ext4): destination with the same identifier (name{page.}) has b
een already used, duplicate ignored
<to be read again> 
                   \relax 
l.782 ...-weight-is-one-thing-but-keeping-it-off}}
                                                   [58 <./bookdownproj_files/fi
gure-latex/unnamed-chunk-21-1.pdf>]
<bookdownproj_files/figure-latex/unnamed-chunk-23-1.pdf, id=514, 1013.7875pt x 
722.7pt>
File: bookdownproj_files/figure-latex/unnamed-chunk-23-1.pdf Graphic file (type
 pdf)
<use bookdownproj_files/figure-latex/unnamed-chunk-23-1.pdf>
Package pdftex.def Info: bookdownproj_files/figure-latex/unnamed-chunk-23-1.pdf
  used on input line 788.
(pdftex.def)             Requested size: 344.99258pt x 245.93529pt.
pdfTeX warning (ext4): destination with the same identifier (name{page.}) has b
een already used, duplicate ignored
<to be read again> 
                   \relax 
l.790 S
       o, here is the secret recipe that works for me. As you can see there ...
[59 <./bookdownproj_files/figure-latex/unnamed-chunk-22-1.pdf>]pdfTeX warning (
ext4): destination with the same identifier (name{page.}) has been already used
, duplicate ignored
<to be read again> 
                   \relax 
l.824 \end{longtable}
                      [60 <./bookdownproj_files/figure-latex/unnamed-chunk-23-1
.pdf>]pdfTeX warning (ext4): destination with the same identifier (name{page.})
 has been already used, duplicate ignored
<to be read again> 
                   \relax 
l.824 \end{longtable}
                      [61]pdfTeX warning (ext4): destination with the same iden
tifier (name{page.}) has been already used, duplicate ignored
<to be read again> 
                   \relax 
l.824 \end{longtable}
                      [62]pdfTeX warning (ext4): destination with the same iden
tifier (name{page.}) has been already used, duplicate ignored
<to be read again> 
                   \relax 
l.841 \end{enumerate}
                      [63]pdfTeX warning (ext4): destination with the same iden
tifier (name{page.}) has been already used, duplicate ignored
<to be read again> 
                   \relax 
l.844 \chapter{Our Diet Now}\label{our-diet-now}}
                                                  [64]
Chapter 7.
pdfTeX warning (ext4): destination with the same identifier (name{page.}) has b
een already used, duplicate ignored
<to be read again> 
                   \relax 
l.854 
       [65

]pdfTeX warning (ext4): destination with the same identifier (name{page.}) has 
been already used, duplicate ignored
<to be read again> 
                   \relax 
l.869 
       [66]
<pictures/microgreens.jpg, id=582, 472.76625pt x 972.63374pt>
File: pictures/microgreens.jpg Graphic file (type jpg)
<use pictures/microgreens.jpg>
Package pdftex.def Info: pictures/microgreens.jpg  used on input line 874.
(pdftex.def)             Requested size: 267.33705pt x 549.99916pt.

LaTeX Warning: Float too large for page by 21.99916pt on input line 876.

pdfTeX warning (ext4): destination with the same identifier (name{page.}) has b
een already used, duplicate ignored
<to be read again> 
                   \relax 
l.886 
       [67]pdfTeX warning (ext4): destination with the same identifier (name{pa
ge.}) has been already used, duplicate ignored
<to be read again> 
                   \relax 
l.886 
       [68 <./pictures/microgreens.jpg>]pdfTeX warning (ext4): destination with
 the same identifier (name{page.}) has been already used, duplicate ignored
<to be read again> 
                   \relax 
l.892 
       [69]pdfTeX warning (ext4): destination with the same identifier (name{pa
ge.}) has been already used, duplicate ignored
<to be read again> 
                   \relax 
l.907 I
       t was in February 2021, almost one year after we switched to a high p...
[70]pdfTeX warning (ext4): destination with the same identifier (name{page.}) h
as been already used, duplicate ignored
<to be read again> 
                   \relax 
l.917 
       [71]pdfTeX warning (ext4): destination with the same identifier (name{pa
ge.}) has been already used, duplicate ignored
<to be read again> 
                   \relax 
l.931 
       [72]
<bookdownproj_files/figure-latex/unnamed-chunk-24-1.pdf, id=615, 1013.7875pt x 
722.7pt>
File: bookdownproj_files/figure-latex/unnamed-chunk-24-1.pdf Graphic file (type
 pdf)
<use bookdownproj_files/figure-latex/unnamed-chunk-24-1.pdf>
Package pdftex.def Info: bookdownproj_files/figure-latex/unnamed-chunk-24-1.pdf
  used on input line 936.
(pdftex.def)             Requested size: 344.99258pt x 245.93529pt.
pdfTeX warning (ext4): destination with the same identifier (name{page.}) has b
een already used, duplicate ignored
<to be read again> 
                   \relax 
l.939 ...t a glance}\label{chapter-7-at-a-glance}}
                                                   [73]pdfTeX warning (ext4): d
estination with the same identifier (name{page.}) has been already used, duplic
ate ignored
<to be read again> 
                   \relax 
l.958 ...asting-for-overall-health-and-longevity}}
                                                   [74 <./bookdownproj_files/fi
gure-latex/unnamed-chunk-24-1.pdf>]
Chapter 8.
pdfTeX warning (ext4): destination with the same identifier (name{page.}) has b
een already used, duplicate ignored
<to be read again> 
                   \relax 
l.965 
       [75

]pdfTeX warning (ext4): destination with the same identifier (name{page.}) has 
been already used, duplicate ignored
<to be read again> 
                   \relax 
l.976 
       [76]pdfTeX warning (ext4): destination with the same identifier (name{pa
ge.}) has been already used, duplicate ignored
<to be read again> 
                   \relax 
l.987 
       [77]pdfTeX warning (ext4): destination with the same identifier (name{pa
ge.}) has been already used, duplicate ignored
<to be read again> 
                   \relax 
l.991 
       [78]pdfTeX warning (ext4): destination with the same identifier (name{pa
ge.}) has been already used, duplicate ignored
<to be read again> 
                   \relax 
l.1011 
        [79]pdfTeX warning (ext4): destination with the same identifier (name{p
age.}) has been already used, duplicate ignored
<to be read again> 
                   \relax 
l.1026 
        [80]pdfTeX warning (ext4): destination with the same identifier (name{p
age.}) has been already used, duplicate ignored
<to be read again> 
                   \relax 
l.1050 W
        e generally feel great with no residual impact from the fasting. [81]
<pictures/fasting1.jpeg, id=686, 682.55pt x 461.725pt>
File: pictures/fasting1.jpeg Graphic file (type jpg)
<use pictures/fasting1.jpeg>
Package pdftex.def Info: pictures/fasting1.jpeg  used on input line 1061.
(pdftex.def)             Requested size: 345.00269pt x 233.38417pt.
pdfTeX warning (ext4): destination with the same identifier (name{page.}) has b
een already used, duplicate ignored
<to be read again> 
                   \relax 
l.1066 
        [82 <./pictures/fasting1.jpeg>]
<pictures/fasting2.jpeg, id=695, 682.55pt x 454.69875pt>
File: pictures/fasting2.jpeg Graphic file (type jpg)
<use pictures/fasting2.jpeg>
Package pdftex.def Info: pictures/fasting2.jpeg  used on input line 1069.
(pdftex.def)             Requested size: 345.00269pt x 229.83266pt.
<pictures/fasting3.jpeg, id=696, 682.55pt x 458.71375pt>
File: pictures/fasting3.jpeg Graphic file (type jpg)
<use pictures/fasting3.jpeg>
Package pdftex.def Info: pictures/fasting3.jpeg  used on input line 1077.
(pdftex.def)             Requested size: 345.00269pt x 231.86209pt.
<pictures/fasting4.jpeg, id=697, 682.55pt x 462.72874pt>
File: pictures/fasting4.jpeg Graphic file (type jpg)
<use pictures/fasting4.jpeg>
Package pdftex.def Info: pictures/fasting4.jpeg  used on input line 1085.
(pdftex.def)             Requested size: 345.00269pt x 233.89151pt.
pdfTeX warning (ext4): destination with the same identifier (name{page.}) has b
een already used, duplicate ignored
<to be read again> 
                   \relax 
l.1093 
        [83 <./pictures/fasting2.jpeg>]pdfTeX warning (ext4): destination with 
the same identifier (name{page.}) has been already used, duplicate ignored
<to be read again> 
                   \relax 
l.1093 
        [84 <./pictures/fasting3.jpeg> <./pictures/fasting4.jpeg>]pdfTeX warnin
g (ext4): destination with the same identifier (name{page.}) has been already u
sed, duplicate ignored
<to be read again> 
                   \relax 
l.1116 \chapter{Breathwork}\label{breathwork}}
                                               [85]
Chapter 9.
pdfTeX warning (ext4): destination with the same identifier (name{page.}) has b
een already used, duplicate ignored
<to be read again> 
                   \relax 
l.1125 
        [86

]pdfTeX warning (ext4): destination with the same identifier (name{page.}) has 
been already used, duplicate ignored
<to be read again> 
                   \relax 
l.1132 
        [87]pdfTeX warning (ext4): destination with the same identifier (name{p
age.}) has been already used, duplicate ignored
<to be read again> 
                   \relax 
l.1181 \end{enumerate}
                       [88]pdfTeX warning (ext4): destination with the same ide
ntifier (name{page.}) has been already used, duplicate ignored
<to be read again> 
                   \relax 
l.1233 
        [89]pdfTeX warning (ext4): destination with the same identifier (name{p
age.}) has been already used, duplicate ignored
<to be read again> 
                   \relax 
l.1254 
        [90]pdfTeX warning (ext4): destination with the same identifier (name{p
age.}) has been already used, duplicate ignored
<to be read again> 
                   \relax 
l.1271 ...ousness}\label{stream-of-consciousness}}
                                                   [91]
Chapter 10.
pdfTeX warning (ext4): destination with the same identifier (name{page.}) has b
een already used, duplicate ignored
<to be read again> 
                   \relax 
l.1283 
        [92

]pdfTeX warning (ext4): destination with the same identifier (name{page.}) has 
been already used, duplicate ignored
<to be read again> 
                   \relax 
l.1289 
        [93]
<pictures/murph.png, id=775, 227.34938pt x 381.67593pt>
File: pictures/murph.png Graphic file (type png)
<use pictures/murph.png>
Package pdftex.def Info: pictures/murph.png  used on input line 1294.
(pdftex.def)             Requested size: 227.35228pt x 381.68082pt.
pdfTeX warning (ext4): destination with the same identifier (name{page.}) has b
een already used, duplicate ignored
<to be read again> 
                   \relax 
l.1302 
        [94 <./pictures/murph.png>]
<pictures/5k.png, id=782, 1365.60187pt x 621.82312pt>
File: pictures/5k.png Graphic file (type png)
<use pictures/5k.png>
Package pdftex.def Info: pictures/5k.png  used on input line 1311.
(pdftex.def)             Requested size: 344.98366pt x 157.08737pt.
pdfTeX warning (ext4): destination with the same identifier (name{page.}) has b
een already used, duplicate ignored
<to be read again> 
                   \relax 
l.1319 
        [95]pdfTeX warning (ext4): destination with the same identifier (name{p
age.}) has been already used, duplicate ignored
<to be read again> 
                   \relax 
l.1323 
        [96 <./pictures/5k.png>]pdfTeX warning (ext4): destination with the sam
e identifier (name{page.}) has been already used, duplicate ignored
<to be read again> 
                   \relax 
l.1335 W
        hen you achieve something after years of consistent, focused effort,...
[97]
<pictures/relentless.png, id=802, 901.86937pt x 358.33875pt>
File: pictures/relentless.png Graphic file (type png)
<use pictures/relentless.png>
Package pdftex.def Info: pictures/relentless.png  used on input line 1339.
(pdftex.def)             Requested size: 344.99832pt x 137.07779pt.
pdfTeX warning (ext4): destination with the same identifier (name{page.}) has b
een already used, duplicate ignored
<to be read again> 
                   \relax 
l.1350 T
        he number of times I have felt ``oh, maybe I would have been better ...
[98 <./pictures/relentless.png>]pdfTeX warning (ext4): destination with the sam
e identifier (name{page.}) has been already used, duplicate ignored
<to be read again> 
                   \relax 
l.1364 
        [99]
<pictures/smoky_morning.png, id=816, 1606.0pt x 779.91376pt>
File: pictures/smoky_morning.png Graphic file (type png)
<use pictures/smoky_morning.png>
Package pdftex.def Info: pictures/smoky_morning.png  used on input line 1374.
(pdftex.def)             Requested size: 344.98921pt x 167.53539pt.
pdfTeX warning (ext4): destination with the same identifier (name{page.}) has b
een already used, duplicate ignored
<to be read again> 
                   \relax 
l.1379 
        [100 <./pictures/smoky_morning.png>]pdfTeX warning (ext4): destination 
with the same identifier (name{page.}) has been already used, duplicate ignored

<to be read again> 
                   \relax 
l.1415   A
          mino Acids [101]
<bookdownproj_files/figure-latex/unnamed-chunk-25-1.pdf, id=834, 1013.7875pt x 
722.7pt>
File: bookdownproj_files/figure-latex/unnamed-chunk-25-1.pdf Graphic file (type
 pdf)
<use bookdownproj_files/figure-latex/unnamed-chunk-25-1.pdf>
Package pdftex.def Info: bookdownproj_files/figure-latex/unnamed-chunk-25-1.pdf
  used on input line 1446.
(pdftex.def)             Requested size: 344.99258pt x 245.93529pt.
pdfTeX warning (ext4): destination with the same identifier (name{page.}) has b
een already used, duplicate ignored
<to be read again> 
                   \relax 
l.1448 \includegraphics
                       {bookdownproj_files/figure-latex/unnamed-chunk-26-1.pdf}
[102]
<bookdownproj_files/figure-latex/unnamed-chunk-26-1.pdf, id=844, 1013.7875pt x 
722.7pt>
File: bookdownproj_files/figure-latex/unnamed-chunk-26-1.pdf Graphic file (type
 pdf)
<use bookdownproj_files/figure-latex/unnamed-chunk-26-1.pdf>
Package pdftex.def Info: bookdownproj_files/figure-latex/unnamed-chunk-26-1.pdf
  used on input line 1448.
(pdftex.def)             Requested size: 344.99258pt x 245.93529pt.
pdfTeX warning (ext4): destination with the same identifier (name{page.}) has b
een already used, duplicate ignored
<to be read again> 
                   \relax 
l.1455 \includegraphics
                       {bookdownproj_files/figure-latex/unnamed-chunk-27-1.p...
[103 <./bookdownproj_files/figure-latex/unnamed-chunk-25-1.pdf> <./bookdownproj
_files/figure-latex/unnamed-chunk-26-1.pdf>]
<bookdownproj_files/figure-latex/unnamed-chunk-27-1.pdf, id=865, 1001.7425pt x 
137.51375pt>
File: bookdownproj_files/figure-latex/unnamed-chunk-27-1.pdf Graphic file (type
 pdf)
<use bookdownproj_files/figure-latex/unnamed-chunk-27-1.pdf>
Package pdftex.def Info: bookdownproj_files/figure-latex/unnamed-chunk-27-1.pdf
  used on input line 1455.
(pdftex.def)             Requested size: 345.0054pt x 47.36046pt.
<bookdownproj_files/figure-latex/unnamed-chunk-27-2.pdf, id=866, 1001.7425pt x 
138.5175pt>
File: bookdownproj_files/figure-latex/unnamed-chunk-27-2.pdf Graphic file (type
 pdf)
<use bookdownproj_files/figure-latex/unnamed-chunk-27-2.pdf>
Package pdftex.def Info: bookdownproj_files/figure-latex/unnamed-chunk-27-2.pdf
  used on input line 1455.
(pdftex.def)             Requested size: 345.0054pt x 47.70615pt.
pdfTeX warning (ext4): destination with the same identifier (name{page.}) has b
een already used, duplicate ignored
<to be read again> 
                   \relax 
l.1471 \chapter{Recipes}\label{recipes}}
                                         [104 <./bookdownproj_files/figure-late
x/unnamed-chunk-27-1.pdf> <./bookdownproj_files/figure-latex/unnamed-chunk-27-2
.pdf>]
Chapter 11.

LaTeX Warning: File `pictures/Seasame-garlic-tofu.png' not found on input line 
1478.


! Package pdftex.def Error: File `pictures/Seasame-garlic-tofu.png' not found: 
using draft setting.

See the pdftex.def package documentation for explanation.
Type  H <return>  for immediate help.
 ...                                              
                                                  
l.1478 ...aphics{pictures/Seasame-garlic-tofu.png}
                                                  \\ 
Here is how much of TeX's memory you used:
 15198 strings out of 481239
 232190 string characters out of 5920376
 539317 words of memory out of 5000000
 29783 multiletter control sequences out of 15000+600000
 622057 words of font info for 137 fonts, out of 8000000 for 9000
 1141 hyphenation exceptions out of 8191
 43i,9n,53p,2530b,510s stack positions out of 5000i,500n,10000p,200000b,80000s

!  ==> Fatal error occurred, no output PDF file produced!
